<?xml version="1.0" encoding="UTF-8"?>
<testsuite name="com.csu.controller.GreetingControllerTest" tests="1" skipped="0" failures="0" errors="0" timestamp="2019-07-04T05:14:54" hostname="MacBook-Pro.local" time="0.092">
  <properties/>
  <testcase name="should_return_ok_when_call_API()" classname="com.csu.controller.GreetingControllerTest" time="0.092"/>
  <system-out><![CDATA[13:14:52.006 [Test worker] DEBUG org.springframework.test.context.BootstrapUtils - Instantiating CacheAwareContextLoaderDelegate from class [org.springframework.test.context.cache.DefaultCacheAwareContextLoaderDelegate]
13:14:52.023 [Test worker] DEBUG org.springframework.test.context.BootstrapUtils - Instantiating BootstrapContext using constructor [public org.springframework.test.context.support.DefaultBootstrapContext(java.lang.Class,org.springframework.test.context.CacheAwareContextLoaderDelegate)]
13:14:52.039 [Test worker] DEBUG org.springframework.test.context.BootstrapUtils - Instantiating TestContextBootstrapper for test class [com.csu.controller.GreetingControllerTest] from class [org.springframework.boot.test.autoconfigure.web.servlet.WebMvcTestContextBootstrapper]
13:14:52.052 [Test worker] INFO org.springframework.boot.test.autoconfigure.web.servlet.WebMvcTestContextBootstrapper - Neither @ContextConfiguration nor @ContextHierarchy found for test class [com.csu.controller.GreetingControllerTest], using SpringBootContextLoader
13:14:52.055 [Test worker] DEBUG org.springframework.test.context.support.AbstractContextLoader - Did not detect default resource location for test class [com.csu.controller.GreetingControllerTest]: class path resource [com/csu/controller/GreetingControllerTest-context.xml] does not exist
13:14:52.055 [Test worker] DEBUG org.springframework.test.context.support.AbstractContextLoader - Did not detect default resource location for test class [com.csu.controller.GreetingControllerTest]: class path resource [com/csu/controller/GreetingControllerTestContext.groovy] does not exist
13:14:52.056 [Test worker] INFO org.springframework.test.context.support.AbstractContextLoader - Could not detect default resource locations for test class [com.csu.controller.GreetingControllerTest]: no resource found for suffixes {-context.xml, Context.groovy}.
13:14:52.056 [Test worker] INFO org.springframework.test.context.support.AnnotationConfigContextLoaderUtils - Could not detect default configuration classes for test class [com.csu.controller.GreetingControllerTest]: GreetingControllerTest does not declare any static, non-private, non-final, nested classes annotated with @Configuration.
13:14:52.128 [Test worker] DEBUG org.springframework.test.context.support.ActiveProfilesUtils - Could not find an 'annotation declaring class' for annotation type [org.springframework.test.context.ActiveProfiles] and class [com.csu.controller.GreetingControllerTest]
13:14:52.200 [Test worker] DEBUG org.springframework.context.annotation.ClassPathScanningCandidateComponentProvider - Identified candidate component class: file [/Users/tongwang.ding/source/protobuf/build/classes/java/main/com/csu/Application.class]
13:14:52.201 [Test worker] INFO org.springframework.boot.test.context.SpringBootTestContextBootstrapper - Found @SpringBootConfiguration com.csu.Application for test class com.csu.controller.GreetingControllerTest
13:14:52.203 [Test worker] DEBUG org.springframework.boot.test.autoconfigure.web.servlet.WebMvcTestContextBootstrapper - @TestExecutionListeners is not present for class [com.csu.controller.GreetingControllerTest]: using defaults.
13:14:52.203 [Test worker] INFO org.springframework.boot.test.autoconfigure.web.servlet.WebMvcTestContextBootstrapper - Loaded default TestExecutionListener class names from location [META-INF/spring.factories]: [org.springframework.boot.test.autoconfigure.restdocs.RestDocsTestExecutionListener, org.springframework.boot.test.autoconfigure.web.client.MockRestServiceServerResetTestExecutionListener, org.springframework.boot.test.autoconfigure.web.servlet.MockMvcPrintOnlyOnFailureTestExecutionListener, org.springframework.boot.test.autoconfigure.web.servlet.WebDriverTestExecutionListener, org.springframework.boot.test.mock.mockito.MockitoTestExecutionListener, org.springframework.boot.test.mock.mockito.ResetMocksTestExecutionListener, org.springframework.test.context.web.ServletTestExecutionListener, org.springframework.test.context.support.DirtiesContextBeforeModesTestExecutionListener, org.springframework.test.context.support.DependencyInjectionTestExecutionListener, org.springframework.test.context.support.DirtiesContextTestExecutionListener, org.springframework.test.context.transaction.TransactionalTestExecutionListener, org.springframework.test.context.jdbc.SqlScriptsTestExecutionListener]
13:14:52.228 [Test worker] INFO org.springframework.boot.test.autoconfigure.web.servlet.WebMvcTestContextBootstrapper - Using TestExecutionListeners: [org.springframework.test.context.web.ServletTestExecutionListener@44384976, org.springframework.test.context.support.DirtiesContextBeforeModesTestExecutionListener@2360b32e, org.springframework.boot.test.mock.mockito.MockitoTestExecutionListener@2f5eb5d9, org.springframework.boot.test.autoconfigure.SpringBootDependencyInjectionTestExecutionListener@72e277da, org.springframework.test.context.support.DirtiesContextTestExecutionListener@7497f309, org.springframework.test.context.transaction.TransactionalTestExecutionListener@52c8c776, org.springframework.test.context.jdbc.SqlScriptsTestExecutionListener@862508b, org.springframework.boot.test.autoconfigure.restdocs.RestDocsTestExecutionListener@695fbafa, org.springframework.boot.test.autoconfigure.web.client.MockRestServiceServerResetTestExecutionListener@229b1363, org.springframework.boot.test.autoconfigure.web.servlet.MockMvcPrintOnlyOnFailureTestExecutionListener@36fc9331, org.springframework.boot.test.autoconfigure.web.servlet.WebDriverTestExecutionListener@2c806b6d, org.springframework.boot.test.mock.mockito.ResetMocksTestExecutionListener@381c8c6d]
13:14:52.231 [Test worker] DEBUG org.springframework.test.context.support.AbstractDirtiesContextTestExecutionListener - Before test class: context [DefaultTestContext@7381fe67 testClass = GreetingControllerTest, testInstance = [null], testMethod = [null], testException = [null], mergedContextConfiguration = [WebMergedContextConfiguration@5ed3b6c1 testClass = GreetingControllerTest, locations = '{}', classes = '{class com.csu.Application}', contextInitializerClasses = '[]', activeProfiles = '{}', propertySourceLocations = '{}', propertySourceProperties = '{org.springframework.boot.test.autoconfigure.web.servlet.WebMvcTestContextBootstrapper=true}', contextCustomizers = set[org.springframework.boot.test.autoconfigure.OverrideAutoConfigurationContextCustomizerFactory$DisableAutoConfigurationContextCustomizer@31f5d868, org.springframework.boot.test.autoconfigure.filter.TypeExcludeFiltersContextCustomizer@17692a97, org.springframework.boot.test.autoconfigure.properties.PropertyMappingContextCustomizer@db4c82ba, org.springframework.boot.test.autoconfigure.web.servlet.WebDriverContextCustomizerFactory$Customizer@4d3c35c8, [ImportsContextCustomizer@e041dbd key = [org.springframework.boot.autoconfigure.cache.CacheAutoConfiguration, org.springframework.boot.autoconfigure.context.MessageSourceAutoConfiguration, org.springframework.boot.autoconfigure.data.web.SpringDataWebAutoConfiguration, org.springframework.boot.autoconfigure.freemarker.FreeMarkerAutoConfiguration, org.springframework.boot.autoconfigure.groovy.template.GroovyTemplateAutoConfiguration, org.springframework.boot.autoconfigure.gson.GsonAutoConfiguration, org.springframework.boot.autoconfigure.hateoas.HypermediaAutoConfiguration, org.springframework.boot.autoconfigure.http.HttpMessageConvertersAutoConfiguration, org.springframework.boot.autoconfigure.jackson.JacksonAutoConfiguration, org.springframework.boot.autoconfigure.jsonb.JsonbAutoConfiguration, org.springframework.boot.autoconfigure.mustache.MustacheAutoConfiguration, org.springframework.boot.autoconfigure.task.TaskExecutionAutoConfiguration, org.springframework.boot.autoconfigure.thymeleaf.ThymeleafAutoConfiguration, org.springframework.boot.autoconfigure.validation.ValidationAutoConfiguration, org.springframework.boot.autoconfigure.web.servlet.error.ErrorMvcAutoConfiguration, org.springframework.boot.autoconfigure.web.servlet.WebMvcAutoConfiguration, org.springframework.boot.test.autoconfigure.web.servlet.MockMvcAutoConfiguration, org.springframework.boot.test.autoconfigure.web.servlet.MockMvcSecurityAutoConfiguration, org.springframework.boot.test.autoconfigure.web.servlet.MockMvcWebClientAutoConfiguration, org.springframework.boot.test.autoconfigure.web.servlet.MockMvcWebDriverAutoConfiguration]], org.springframework.boot.test.context.filter.ExcludeFilterContextCustomizer@6c40d37c, org.springframework.boot.test.json.DuplicateJsonObjectContextCustomizerFactory$DuplicateJsonObjectContextCustomizer@8a55d, org.springframework.boot.test.mock.mockito.MockitoContextCustomizer@f3b44733], resourceBasePath = '', contextLoader = 'org.springframework.boot.test.context.SpringBootContextLoader', parent = [null]], attributes = map[[empty]]], class annotated with @DirtiesContext [false] with mode [null].
13:14:52.340 [Test worker] DEBUG org.springframework.test.context.support.TestPropertySourceUtils - Adding inlined properties to environment: {spring.jmx.enabled=false, org.springframework.boot.test.autoconfigure.web.servlet.WebMvcTestContextBootstrapper=true, server.port=-1}

  .   ____          _            __ _ _
 /\\ / ___'_ __ _ _(_)_ __  __ _ \ \ \ \
( ( )\___ | '_ | '_| | '_ \/ _` | \ \ \ \
 \\/  ___)| |_)| | | | | || (_| |  ) ) ) )
  '  |____| .__|_| |_|_| |_\__, | / / / /
 =========|_|==============|___/=/_/_/_/
 :: Spring Boot ::        (v2.1.4.RELEASE)

2019-07-04 13:14:52.616  INFO 47800 --- [    Test worker] c.csu.controller.GreetingControllerTest  : Starting GreetingControllerTest on MacBook-Pro.local with PID 47800 (started by tongwang.ding in /Users/tongwang.ding/source/protobuf)
2019-07-04 13:14:52.619  INFO 47800 --- [    Test worker] c.csu.controller.GreetingControllerTest  : No active profile set, falling back to default profiles: default
2019-07-04 13:14:53.785  INFO 47800 --- [    Test worker] o.s.s.concurrent.ThreadPoolTaskExecutor  : Initializing ExecutorService 'applicationTaskExecutor'
2019-07-04 13:14:53.983  INFO 47800 --- [    Test worker] o.s.b.t.m.w.SpringBootMockServletContext : Initializing Spring TestDispatcherServlet ''
2019-07-04 13:14:53.983  INFO 47800 --- [    Test worker] o.s.t.web.servlet.TestDispatcherServlet  : Initializing Servlet ''
2019-07-04 13:14:53.996  INFO 47800 --- [    Test worker] o.s.t.web.servlet.TestDispatcherServlet  : Completed initialization in 13 ms
2019-07-04 13:14:54.028  INFO 47800 --- [    Test worker] c.csu.controller.GreetingControllerTest  : Started GreetingControllerTest in 1.679 seconds (JVM running for 2.739)
]]></system-out>
  <system-err><![CDATA[]]></system-err>
</testsuite>
